<?xml version="1.0" encoding="UTF-8"?>
<!-- Generated by org.testng.reporters.JUnitXMLReporter -->
<testsuite hostname="Chiduruppa-PC" name="Regression Parallel" tests="4" failures="0" timestamp="8 Nov 2016 22:29:59 GMT" time="60.846" errors="0">
  <testcase name="testSearchProduct" time="15.557" classname="com.napa.online.testcases.SearchProductTest"/>
  <testcase name="testSearchProduct" time="11.39" classname="com.napa.online.testcases.SearchProductTest"/>
  <testcase name="doLogin" time="59.917" classname="com.napa.online.testcases.LoginTest"/>
  <testcase name="doLogin" time="0.002" classname="com.napa.online.testcases.LoginTest">
    <skipped/>
  </testcase> <!-- doLogin -->
</testsuite> <!-- Regression Parallel -->
