<?xml version="1.0" encoding="UTF-8"?>
<!-- Generated by org.testng.reporters.JUnitXMLReporter -->
<testsuite hostname="Chiduruppa-PC" name="Regression 1" tests="5" failures="0" timestamp="29 Nov 2016 16:30:13 GMT" time="387.368" errors="0">
  <testcase name="doLogin" time="46.237" classname="com.napa.online.testcases.LoginTest"/>
  <testcase name="doLogin" time="0.003" classname="com.napa.online.testcases.LoginTest">
    <skipped/>
  </testcase> <!-- doLogin -->
  <testcase name="testSearchProduct" time="18.677" classname="com.napa.online.testcases.SearchProductTest"/>
  <testcase name="testSearchProduct" time="0.003" classname="com.napa.online.testcases.SearchProductTest">
    <skipped/>
  </testcase> <!-- testSearchProduct -->
  <testcase name="Guest_Select_Part_MMTE_Veh_Store_Header_ROL_Order" time="317.214" classname="com.napa.online.testcases.GuestUserROLTest"/>
</testsuite> <!-- Regression 1 -->
