<?xml version="1.0" encoding="UTF-8"?>
<!-- Generated by org.testng.reporters.JUnitXMLReporter -->
<testsuite hostname="DJ18JGC2" name="SmokeTest" tests="5" failures="0" timestamp="22 Dec 2016 20:30:50 GMT" time="137.996" errors="0">
  <testcase name="doLogin" time="54.224" classname="com.napa.online.testcases.LoginTest"/>
  <testcase name="doLogin" time="0.001" classname="com.napa.online.testcases.LoginTest">
    <skipped/>
  </testcase> <!-- doLogin -->
  <testcase name="testSearchProduct" time="23.693" classname="com.napa.online.testcases.SearchProductTest"/>
  <testcase name="testSearchProduct" time="26.015" classname="com.napa.online.testcases.SearchProductTest"/>
  <testcase name="testSearchProduct" time="27.298" classname="com.napa.online.testcases.SearchProductTest"/>
</testsuite> <!-- SmokeTest -->
