<?xml version="1.0" encoding="UTF-8"?>
<!-- Generated by org.testng.reporters.JUnitXMLReporter -->
<testsuite hostname="Chiduruppa-PC" name="Search Product Test" tests="2" failures="0" timestamp="8 Nov 2016 22:06:42 GMT" time="53.722" errors="0">
  <testcase name="testSearchProduct" time="40.984" classname="com.napa.online.testcases.SearchProductTest"/>
  <testcase name="testSearchProduct" time="10.372" classname="com.napa.online.testcases.SearchProductTest"/>
</testsuite> <!-- Search Product Test -->
