<?xml version="1.0" encoding="UTF-8"?>
<!-- Generated by org.testng.reporters.JUnitXMLReporter -->
<testsuite hostname="D3DTYPC2" name="Regression Parallel" tests="5" failures="1" timestamp="5 Dec 2016 16:31:01 GMT" time="34.648" errors="0">
  <testcase name="doLogin" time="8.321" classname="com.napa.online.testcases.LoginTest">
    <failure type="java.lang.NullPointerException">
      <![CDATA[java.lang.NullPointerException
	at com.napa.online.testcases.LoginTest.doLogin(LoginTest.java:92)
	at java.util.concurrent.ThreadPoolExecutor.runWorker(Unknown Source)
	at java.util.concurrent.ThreadPoolExecutor$Worker.run(Unknown Source)
	at java.lang.Thread.run(Unknown Source)
... Removed 10 stack frames]]>
    </failure>
  </testcase> <!-- doLogin -->
  <testcase name="doLogin" time="0.003" classname="com.napa.online.testcases.LoginTest">
    <skipped/>
  </testcase> <!-- doLogin -->
  <testcase name="testSearchProduct" time="12.032" classname="com.napa.online.testcases.SearchProductTest"/>
  <testcase name="testSearchProduct" time="8.73" classname="com.napa.online.testcases.SearchProductTest"/>
  <testcase name="testSearchProduct" time="10.467" classname="com.napa.online.testcases.SearchProductTest"/>
</testsuite> <!-- Regression Parallel -->
