<?xml version="1.0" encoding="UTF-8"?>
<!-- Generated by org.testng.reporters.JUnitXMLReporter -->
<testsuite hostname="Chiduruppa-PC" name="Search Product Test" tests="2" failures="0" timestamp="7 Nov 2016 15:58:38 GMT" time="75.904" errors="0">
  <testcase name="testSearchProduct" time="69.461" classname="com.napa.online.testcases.SearchProductTest"/>
  <testcase name="testSearchProduct" time="0.003" classname="com.napa.online.testcases.SearchProductTest">
    <skipped/>
  </testcase> <!-- testSearchProduct -->
</testsuite> <!-- Search Product Test -->
