<?xml version="1.0" encoding="UTF-8"?>
<!-- Generated by org.testng.reporters.JUnitXMLReporter -->
<testsuite hostname="DJ18JGC2" name="RegisteredCartMergeROLTest" tests="3" failures="0" timestamp="15 Feb 2017 21:57:21 GMT" time="24.39" errors="0">
  <testcase name="get_http_response_code_test" time="8.467" classname="com.napa.online.testcases.HTTPResponseCodeTest"/>
  <testcase name="get_http_response_code_test" time="4.829" classname="com.napa.online.testcases.HTTPResponseCodeTest"/>
  <testcase name="get_http_response_code_test" time="3.876" classname="com.napa.online.testcases.HTTPResponseCodeTest"/>
</testsuite> <!-- RegisteredCartMergeROLTest -->
