<?xml version="1.0" encoding="UTF-8"?>
<!-- Generated by org.testng.reporters.JUnitXMLReporter -->
<testsuite hostname="Chiduruppa-PC" name="Search Product Test" tests="2" failures="0" timestamp="8 Nov 2016 20:30:25 GMT" time="35.163" errors="0">
  <testcase name="testSearchProduct" time="22.81" classname="com.napa.online.testcases.SearchProductTest"/>
  <testcase name="testSearchProduct" time="9.865" classname="com.napa.online.testcases.SearchProductTest"/>
</testsuite> <!-- Search Product Test -->
