<?xml version="1.0" encoding="UTF-8"?>
<!-- Generated by org.testng.reporters.JUnitXMLReporter -->
<testsuite hostname="Chiduruppa-PC" name="Regression 1" tests="4" failures="0" timestamp="8 Nov 2016 22:25:24 GMT" time="81.634" errors="0">
  <testcase name="doLogin" time="56.023" classname="com.napa.online.testcases.LoginTest"/>
  <testcase name="doLogin" time="0.002" classname="com.napa.online.testcases.LoginTest">
    <skipped/>
  </testcase> <!-- doLogin -->
  <testcase name="testSearchProduct" time="11.382" classname="com.napa.online.testcases.SearchProductTest"/>
  <testcase name="testSearchProduct" time="11.141" classname="com.napa.online.testcases.SearchProductTest"/>
</testsuite> <!-- Regression 1 -->
