<?xml version="1.0" encoding="UTF-8"?>
<!-- Generated by org.testng.reporters.JUnitXMLReporter -->
<testsuite hostname="Chiduruppa-PC" name="Login Test" tests="1" failures="1" timestamp="8 Nov 2016 16:33:39 GMT" time="0.51" errors="0">
  <testcase name="Guest_Select_Part_MM_Tools_Eq_Veh_Store_From_Header_ROL_Order" time="0.023" classname="com.napa.online.testcases.GuestUserROLTest">
    <failure type="java.lang.NullPointerException">
      <![CDATA[java.lang.NullPointerException
	at com.napa.online.testcases.BaseTest.init(BaseTest.java:94)
	at com.napa.online.testcases.GuestUserROLTest.Guest_Select_Part_MM_Tools_Eq_Veh_Store_From_Header_ROL_Order(GuestUserROLTest.java:63)
... Removed 24 stack frames]]>
    </failure>
  </testcase> <!-- Guest_Select_Part_MM_Tools_Eq_Veh_Store_From_Header_ROL_Order -->
</testsuite> <!-- Login Test -->
