<?xml version="1.0" encoding="UTF-8"?>
<!-- Generated by org.testng.reporters.JUnitXMLReporter -->
<testsuite hostname="Chiduruppa-PC" name="Search Product Test" tests="2" failures="0" timestamp="8 Nov 2016 16:38:07 GMT" time="0.15" errors="0">
  <testcase name="testSearchProduct" time="0.003" classname="com.napa.online.testcases.SearchProductTest">
    <skipped/>
  </testcase> <!-- testSearchProduct -->
  <testcase name="testSearchProduct" time="0.003" classname="com.napa.online.testcases.SearchProductTest">
    <skipped/>
  </testcase> <!-- testSearchProduct -->
</testsuite> <!-- Search Product Test -->
