<?xml version="1.0" encoding="UTF-8"?>
<!-- Generated by org.testng.reporters.JUnitXMLReporter -->
<testsuite hostname="D3DTYPC2" name="Independent test" tests="3" failures="3" timestamp="13 Dec 2016 15:57:14 GMT" time="0.366" errors="0">
  <testcase name="testSearchProduct" time="0.008" classname="com.napa.online.testcases.SearchProductTest">
    <failure type="java.lang.NullPointerException">
      <![CDATA[java.lang.NullPointerException
	at com.napa.online.testcases.BaseTest.init(BaseTest.java:49)
	at com.napa.online.testcases.SearchProductTest.testSearchProduct(SearchProductTest.java:68)
... Removed 24 stack frames]]>
    </failure>
  </testcase> <!-- testSearchProduct -->
  <testcase name="testSearchProduct" time="0.001" classname="com.napa.online.testcases.SearchProductTest">
    <failure type="java.lang.NullPointerException">
      <![CDATA[java.lang.NullPointerException
	at com.napa.online.testcases.BaseTest.init(BaseTest.java:49)
	at com.napa.online.testcases.SearchProductTest.testSearchProduct(SearchProductTest.java:68)
... Removed 24 stack frames]]>
    </failure>
  </testcase> <!-- testSearchProduct -->
  <testcase name="testSearchProduct" time="0.001" classname="com.napa.online.testcases.SearchProductTest">
    <failure type="java.lang.NullPointerException">
      <![CDATA[java.lang.NullPointerException
	at com.napa.online.testcases.BaseTest.init(BaseTest.java:49)
	at com.napa.online.testcases.SearchProductTest.testSearchProduct(SearchProductTest.java:68)
... Removed 24 stack frames]]>
    </failure>
  </testcase> <!-- testSearchProduct -->
</testsuite> <!-- Independent test -->
