<?xml version="1.0" encoding="UTF-8"?>
<!-- Generated by org.testng.reporters.JUnitXMLReporter -->
<testsuite hostname="Chiduruppa-PC" name="Search Product Test" tests="2" failures="0" timestamp="8 Nov 2016 21:15:29 GMT" time="57.679" errors="0">
  <testcase name="doLogin" time="56.303" classname="com.napa.online.testcases.LoginTest"/>
  <testcase name="doLogin" time="0.002" classname="com.napa.online.testcases.LoginTest">
    <skipped/>
  </testcase> <!-- doLogin -->
</testsuite> <!-- Search Product Test -->
